[08-Jan-2023 11:01:46 UTC] PHP Fatal error:  Uncaught ErrorException: Undefined variable: app_logo in /home/mb1p0x8h3pyz/public_html/storage/framework/views/bad896afdd0723b29e78b6e15c7e4dbe3759796a.php:6
Stack trace:
#0 /home/mb1p0x8h3pyz/public_html/storage/framework/views/bad896afdd0723b29e78b6e15c7e4dbe3759796a.php(6): Illuminate\Foundation\Bootstrap\HandleExceptions->handleError(8, 'Undefined varia...', '/home/mb1p0x8h3...', 6, Array)
#1 /home/mb1p0x8h3pyz/public_html/vendor/laravel/framework/src/Illuminate/Filesystem/Filesystem.php(107): require('/home/mb1p0x8h3...')
#2 /home/mb1p0x8h3pyz/public_html/vendor/laravel/framework/src/Illuminate/Filesystem/Filesystem.php(108): Illuminate\Filesystem\Filesystem::Illuminate\Filesystem\{closure}()
#3 /home/mb1p0x8h3pyz/public_html/vendor/laravel/framework/src/Illuminate/View/Engines/PhpEngine.php(58): Illuminate\Filesystem\Filesystem->getRequire('/home/mb1p0x8h3...', Array)
#4 /home/mb1p0x8h3pyz/public_html/vendor/laravel/framework/src/Illuminate/View/Engines/CompilerEngine.php(61): Illuminate\View\Engines\P in /home/mb1p0x8h3pyz/public_html/resources/views/balde_components/footer.blade.php on line 6
[08-Jan-2023 11:01:47 UTC] PHP Fatal error:  Uncaught ErrorException: Undefined variable: app_logo in /home/mb1p0x8h3pyz/public_html/storage/framework/views/bad896afdd0723b29e78b6e15c7e4dbe3759796a.php:6
Stack trace:
#0 /home/mb1p0x8h3pyz/public_html/storage/framework/views/bad896afdd0723b29e78b6e15c7e4dbe3759796a.php(6): Illuminate\Foundation\Bootstrap\HandleExceptions->handleError(8, 'Undefined varia...', '/home/mb1p0x8h3...', 6, Array)
#1 /home/mb1p0x8h3pyz/public_html/vendor/laravel/framework/src/Illuminate/Filesystem/Filesystem.php(107): require('/home/mb1p0x8h3...')
#2 /home/mb1p0x8h3pyz/public_html/vendor/laravel/framework/src/Illuminate/Filesystem/Filesystem.php(108): Illuminate\Filesystem\Filesystem::Illuminate\Filesystem\{closure}()
#3 /home/mb1p0x8h3pyz/public_html/vendor/laravel/framework/src/Illuminate/View/Engines/PhpEngine.php(58): Illuminate\Filesystem\Filesystem->getRequire('/home/mb1p0x8h3...', Array)
#4 /home/mb1p0x8h3pyz/public_html/vendor/laravel/framework/src/Illuminate/View/Engines/CompilerEngine.php(61): Illuminate\View\Engines\P in /home/mb1p0x8h3pyz/public_html/resources/views/balde_components/footer.blade.php on line 6
[08-Jan-2023 11:01:48 UTC] PHP Fatal error:  Uncaught ErrorException: Undefined variable: app_logo in /home/mb1p0x8h3pyz/public_html/storage/framework/views/bad896afdd0723b29e78b6e15c7e4dbe3759796a.php:6
Stack trace:
#0 /home/mb1p0x8h3pyz/public_html/storage/framework/views/bad896afdd0723b29e78b6e15c7e4dbe3759796a.php(6): Illuminate\Foundation\Bootstrap\HandleExceptions->handleError(8, 'Undefined varia...', '/home/mb1p0x8h3...', 6, Array)
#1 /home/mb1p0x8h3pyz/public_html/vendor/laravel/framework/src/Illuminate/Filesystem/Filesystem.php(107): require('/home/mb1p0x8h3...')
#2 /home/mb1p0x8h3pyz/public_html/vendor/laravel/framework/src/Illuminate/Filesystem/Filesystem.php(108): Illuminate\Filesystem\Filesystem::Illuminate\Filesystem\{closure}()
#3 /home/mb1p0x8h3pyz/public_html/vendor/laravel/framework/src/Illuminate/View/Engines/PhpEngine.php(58): Illuminate\Filesystem\Filesystem->getRequire('/home/mb1p0x8h3...', Array)
#4 /home/mb1p0x8h3pyz/public_html/vendor/laravel/framework/src/Illuminate/View/Engines/CompilerEngine.php(61): Illuminate\View\Engines\P in /home/mb1p0x8h3pyz/public_html/resources/views/balde_components/footer.blade.php on line 6
[08-Jan-2023 11:02:17 UTC] PHP Fatal error:  Uncaught ErrorException: Undefined variable: app_logo in /home/mb1p0x8h3pyz/public_html/storage/framework/views/bad896afdd0723b29e78b6e15c7e4dbe3759796a.php:6
Stack trace:
#0 /home/mb1p0x8h3pyz/public_html/storage/framework/views/bad896afdd0723b29e78b6e15c7e4dbe3759796a.php(6): Illuminate\Foundation\Bootstrap\HandleExceptions->handleError(8, 'Undefined varia...', '/home/mb1p0x8h3...', 6, Array)
#1 /home/mb1p0x8h3pyz/public_html/vendor/laravel/framework/src/Illuminate/Filesystem/Filesystem.php(107): require('/home/mb1p0x8h3...')
#2 /home/mb1p0x8h3pyz/public_html/vendor/laravel/framework/src/Illuminate/Filesystem/Filesystem.php(108): Illuminate\Filesystem\Filesystem::Illuminate\Filesystem\{closure}()
#3 /home/mb1p0x8h3pyz/public_html/vendor/laravel/framework/src/Illuminate/View/Engines/PhpEngine.php(58): Illuminate\Filesystem\Filesystem->getRequire('/home/mb1p0x8h3...', Array)
#4 /home/mb1p0x8h3pyz/public_html/vendor/laravel/framework/src/Illuminate/View/Engines/CompilerEngine.php(61): Illuminate\View\Engines\P in /home/mb1p0x8h3pyz/public_html/resources/views/balde_components/footer.blade.php on line 6
[08-Jan-2023 11:02:18 UTC] PHP Fatal error:  Uncaught ErrorException: Undefined variable: app_logo in /home/mb1p0x8h3pyz/public_html/storage/framework/views/bad896afdd0723b29e78b6e15c7e4dbe3759796a.php:6
Stack trace:
#0 /home/mb1p0x8h3pyz/public_html/storage/framework/views/bad896afdd0723b29e78b6e15c7e4dbe3759796a.php(6): Illuminate\Foundation\Bootstrap\HandleExceptions->handleError(8, 'Undefined varia...', '/home/mb1p0x8h3...', 6, Array)
#1 /home/mb1p0x8h3pyz/public_html/vendor/laravel/framework/src/Illuminate/Filesystem/Filesystem.php(107): require('/home/mb1p0x8h3...')
#2 /home/mb1p0x8h3pyz/public_html/vendor/laravel/framework/src/Illuminate/Filesystem/Filesystem.php(108): Illuminate\Filesystem\Filesystem::Illuminate\Filesystem\{closure}()
#3 /home/mb1p0x8h3pyz/public_html/vendor/laravel/framework/src/Illuminate/View/Engines/PhpEngine.php(58): Illuminate\Filesystem\Filesystem->getRequire('/home/mb1p0x8h3...', Array)
#4 /home/mb1p0x8h3pyz/public_html/vendor/laravel/framework/src/Illuminate/View/Engines/CompilerEngine.php(61): Illuminate\View\Engines\P in /home/mb1p0x8h3pyz/public_html/resources/views/balde_components/footer.blade.php on line 6
[08-Jan-2023 11:02:19 UTC] PHP Fatal error:  Uncaught ErrorException: Undefined variable: app_logo in /home/mb1p0x8h3pyz/public_html/storage/framework/views/bad896afdd0723b29e78b6e15c7e4dbe3759796a.php:6
Stack trace:
#0 /home/mb1p0x8h3pyz/public_html/storage/framework/views/bad896afdd0723b29e78b6e15c7e4dbe3759796a.php(6): Illuminate\Foundation\Bootstrap\HandleExceptions->handleError(8, 'Undefined varia...', '/home/mb1p0x8h3...', 6, Array)
#1 /home/mb1p0x8h3pyz/public_html/vendor/laravel/framework/src/Illuminate/Filesystem/Filesystem.php(107): require('/home/mb1p0x8h3...')
#2 /home/mb1p0x8h3pyz/public_html/vendor/laravel/framework/src/Illuminate/Filesystem/Filesystem.php(108): Illuminate\Filesystem\Filesystem::Illuminate\Filesystem\{closure}()
#3 /home/mb1p0x8h3pyz/public_html/vendor/laravel/framework/src/Illuminate/View/Engines/PhpEngine.php(58): Illuminate\Filesystem\Filesystem->getRequire('/home/mb1p0x8h3...', Array)
#4 /home/mb1p0x8h3pyz/public_html/vendor/laravel/framework/src/Illuminate/View/Engines/CompilerEngine.php(61): Illuminate\View\Engines\P in /home/mb1p0x8h3pyz/public_html/resources/views/balde_components/footer.blade.php on line 6
[08-Jan-2023 15:05:55 UTC] PHP Fatal error:  Uncaught ErrorException: Undefined variable: app_logo in /home/mb1p0x8h3pyz/public_html/storage/framework/views/bad896afdd0723b29e78b6e15c7e4dbe3759796a.php:6
Stack trace:
#0 /home/mb1p0x8h3pyz/public_html/storage/framework/views/bad896afdd0723b29e78b6e15c7e4dbe3759796a.php(6): Illuminate\Foundation\Bootstrap\HandleExceptions->handleError(8, 'Undefined varia...', '/home/mb1p0x8h3...', 6, Array)
#1 /home/mb1p0x8h3pyz/public_html/vendor/laravel/framework/src/Illuminate/Filesystem/Filesystem.php(107): require('/home/mb1p0x8h3...')
#2 /home/mb1p0x8h3pyz/public_html/vendor/laravel/framework/src/Illuminate/Filesystem/Filesystem.php(108): Illuminate\Filesystem\Filesystem::Illuminate\Filesystem\{closure}()
#3 /home/mb1p0x8h3pyz/public_html/vendor/laravel/framework/src/Illuminate/View/Engines/PhpEngine.php(58): Illuminate\Filesystem\Filesystem->getRequire('/home/mb1p0x8h3...', Array)
#4 /home/mb1p0x8h3pyz/public_html/vendor/laravel/framework/src/Illuminate/View/Engines/CompilerEngine.php(61): Illuminate\View\Engines\P in /home/mb1p0x8h3pyz/public_html/resources/views/balde_components/footer.blade.php on line 6
[08-Jan-2023 15:54:40 UTC] PHP Fatal error:  Uncaught ErrorException: Undefined variable: app_logo in /home/mb1p0x8h3pyz/public_html/storage/framework/views/bad896afdd0723b29e78b6e15c7e4dbe3759796a.php:6
Stack trace:
#0 /home/mb1p0x8h3pyz/public_html/storage/framework/views/bad896afdd0723b29e78b6e15c7e4dbe3759796a.php(6): Illuminate\Foundation\Bootstrap\HandleExceptions->handleError(8, 'Undefined varia...', '/home/mb1p0x8h3...', 6, Array)
#1 /home/mb1p0x8h3pyz/public_html/vendor/laravel/framework/src/Illuminate/Filesystem/Filesystem.php(107): require('/home/mb1p0x8h3...')
#2 /home/mb1p0x8h3pyz/public_html/vendor/laravel/framework/src/Illuminate/Filesystem/Filesystem.php(108): Illuminate\Filesystem\Filesystem::Illuminate\Filesystem\{closure}()
#3 /home/mb1p0x8h3pyz/public_html/vendor/laravel/framework/src/Illuminate/View/Engines/PhpEngine.php(58): Illuminate\Filesystem\Filesystem->getRequire('/home/mb1p0x8h3...', Array)
#4 /home/mb1p0x8h3pyz/public_html/vendor/laravel/framework/src/Illuminate/View/Engines/CompilerEngine.php(61): Illuminate\View\Engines\P in /home/mb1p0x8h3pyz/public_html/resources/views/balde_components/footer.blade.php on line 6
[08-Jan-2023 15:54:49 UTC] PHP Fatal error:  Uncaught ErrorException: Undefined variable: app_logo in /home/mb1p0x8h3pyz/public_html/storage/framework/views/bad896afdd0723b29e78b6e15c7e4dbe3759796a.php:6
Stack trace:
#0 /home/mb1p0x8h3pyz/public_html/storage/framework/views/bad896afdd0723b29e78b6e15c7e4dbe3759796a.php(6): Illuminate\Foundation\Bootstrap\HandleExceptions->handleError(8, 'Undefined varia...', '/home/mb1p0x8h3...', 6, Array)
#1 /home/mb1p0x8h3pyz/public_html/vendor/laravel/framework/src/Illuminate/Filesystem/Filesystem.php(107): require('/home/mb1p0x8h3...')
#2 /home/mb1p0x8h3pyz/public_html/vendor/laravel/framework/src/Illuminate/Filesystem/Filesystem.php(108): Illuminate\Filesystem\Filesystem::Illuminate\Filesystem\{closure}()
#3 /home/mb1p0x8h3pyz/public_html/vendor/laravel/framework/src/Illuminate/View/Engines/PhpEngine.php(58): Illuminate\Filesystem\Filesystem->getRequire('/home/mb1p0x8h3...', Array)
#4 /home/mb1p0x8h3pyz/public_html/vendor/laravel/framework/src/Illuminate/View/Engines/CompilerEngine.php(61): Illuminate\View\Engines\P in /home/mb1p0x8h3pyz/public_html/resources/views/balde_components/footer.blade.php on line 6
[08-Jan-2023 15:54:53 UTC] PHP Fatal error:  Uncaught ErrorException: Undefined variable: app_logo in /home/mb1p0x8h3pyz/public_html/storage/framework/views/bad896afdd0723b29e78b6e15c7e4dbe3759796a.php:6
Stack trace:
#0 /home/mb1p0x8h3pyz/public_html/storage/framework/views/bad896afdd0723b29e78b6e15c7e4dbe3759796a.php(6): Illuminate\Foundation\Bootstrap\HandleExceptions->handleError(8, 'Undefined varia...', '/home/mb1p0x8h3...', 6, Array)
#1 /home/mb1p0x8h3pyz/public_html/vendor/laravel/framework/src/Illuminate/Filesystem/Filesystem.php(107): require('/home/mb1p0x8h3...')
#2 /home/mb1p0x8h3pyz/public_html/vendor/laravel/framework/src/Illuminate/Filesystem/Filesystem.php(108): Illuminate\Filesystem\Filesystem::Illuminate\Filesystem\{closure}()
#3 /home/mb1p0x8h3pyz/public_html/vendor/laravel/framework/src/Illuminate/View/Engines/PhpEngine.php(58): Illuminate\Filesystem\Filesystem->getRequire('/home/mb1p0x8h3...', Array)
#4 /home/mb1p0x8h3pyz/public_html/vendor/laravel/framework/src/Illuminate/View/Engines/CompilerEngine.php(61): Illuminate\View\Engines\P in /home/mb1p0x8h3pyz/public_html/resources/views/balde_components/footer.blade.php on line 6
[08-Jan-2023 16:03:00 UTC] PHP Fatal error:  During inheritance of ArrayAccess: Uncaught ErrorException: Return type of Illuminate\Support\Collection::offsetExists($key) should either be compatible with ArrayAccess::offsetExists(mixed $offset): bool, or the #[\ReturnTypeWillChange] attribute should be used to temporarily suppress the notice in /home/mb1p0x8h3pyz/public_html/vendor/laravel/framework/src/Illuminate/Collections/Collection.php:1459
Stack trace:
#0 /home/mb1p0x8h3pyz/public_html/vendor/laravel/framework/src/Illuminate/Collections/Collection.php(13): Illuminate\Foundation\Bootstrap\HandleExceptions->handleError()
#1 /home/mb1p0x8h3pyz/public_html/vendor/composer/ClassLoader.php(444): include('/home/mb1p0x8h3...')
#2 /home/mb1p0x8h3pyz/public_html/vendor/composer/ClassLoader.php(322): Composer\Autoload\includeFile()
#3 /home/mb1p0x8h3pyz/public_html/vendor/laravel/framework/src/Illuminate/Collections/helpers.php(15): Composer\Autoload\ClassLoader->loadClass()
#4 /home/mb1p0x8h3pyz/public_html/vendor/laravel/framework/src/Illuminate/Foundation/PackageManifest.php(89): collect()
#5 /home/mb1p0x8h3pyz/public_html/vendor/laravel/framework/src/Illuminate/Foundation/PackageManifest.php(78): Illuminate\Foundation\PackageManifest->config()
#6 /home/mb1p0x8h3pyz/public_html/vendor/laravel/framework/src/Illuminate/Foundation/Bootstrap/RegisterFacades.php(26): Illuminate\Foundation\PackageManifest->aliases()
#7 /home/mb1p0x8h3pyz/public_html/vendor/laravel/framework/src/Illuminate/Foundation/Application.php(237): Illuminate\Foundation\Bootstrap\RegisterFacades->bootstrap()
#8 /home/mb1p0x8h3pyz/public_html/vendor/laravel/framework/src/Illuminate/Foundation/Http/Kernel.php(152): Illuminate\Foundation\Application->bootstrapWith()
#9 /home/mb1p0x8h3pyz/public_html/vendor/laravel/framework/src/Illuminate/Foundation/Http/Kernel.php(136): Illuminate\Foundation\Http\Kernel->bootstrap()
#10 /home/mb1p0x8h3pyz/public_html/vendor/laravel/framework/src/Illuminate/Foundation/Http/Kernel.php(110): Illuminate\Foundation\Http\Kernel->sendRequestThroughRouter()
#11 /home/mb1p0x8h3pyz/public_html/public/index.php(52): Illuminate\Foundation\Http\Kernel->handle()
#12 {main} in /home/mb1p0x8h3pyz/public_html/vendor/laravel/framework/src/Illuminate/Collections/Collection.php on line 13
[08-Jan-2023 16:03:02 UTC] PHP Fatal error:  During inheritance of ArrayAccess: Uncaught ErrorException: Return type of Illuminate\Support\Collection::offsetExists($key) should either be compatible with ArrayAccess::offsetExists(mixed $offset): bool, or the #[\ReturnTypeWillChange] attribute should be used to temporarily suppress the notice in /home/mb1p0x8h3pyz/public_html/vendor/laravel/framework/src/Illuminate/Collections/Collection.php:1459
Stack trace:
#0 /home/mb1p0x8h3pyz/public_html/vendor/laravel/framework/src/Illuminate/Collections/Collection.php(13): Illuminate\Foundation\Bootstrap\HandleExceptions->handleError()
#1 /home/mb1p0x8h3pyz/public_html/vendor/composer/ClassLoader.php(444): include('/home/mb1p0x8h3...')
#2 /home/mb1p0x8h3pyz/public_html/vendor/composer/ClassLoader.php(322): Composer\Autoload\includeFile()
#3 /home/mb1p0x8h3pyz/public_html/vendor/laravel/framework/src/Illuminate/Collections/helpers.php(15): Composer\Autoload\ClassLoader->loadClass()
#4 /home/mb1p0x8h3pyz/public_html/vendor/laravel/framework/src/Illuminate/Foundation/PackageManifest.php(89): collect()
#5 /home/mb1p0x8h3pyz/public_html/vendor/laravel/framework/src/Illuminate/Foundation/PackageManifest.php(78): Illuminate\Foundation\PackageManifest->config()
#6 /home/mb1p0x8h3pyz/public_html/vendor/laravel/framework/src/Illuminate/Foundation/Bootstrap/RegisterFacades.php(26): Illuminate\Foundation\PackageManifest->aliases()
#7 /home/mb1p0x8h3pyz/public_html/vendor/laravel/framework/src/Illuminate/Foundation/Application.php(237): Illuminate\Foundation\Bootstrap\RegisterFacades->bootstrap()
#8 /home/mb1p0x8h3pyz/public_html/vendor/laravel/framework/src/Illuminate/Foundation/Http/Kernel.php(152): Illuminate\Foundation\Application->bootstrapWith()
#9 /home/mb1p0x8h3pyz/public_html/vendor/laravel/framework/src/Illuminate/Foundation/Http/Kernel.php(136): Illuminate\Foundation\Http\Kernel->bootstrap()
#10 /home/mb1p0x8h3pyz/public_html/vendor/laravel/framework/src/Illuminate/Foundation/Http/Kernel.php(110): Illuminate\Foundation\Http\Kernel->sendRequestThroughRouter()
#11 /home/mb1p0x8h3pyz/public_html/public/index.php(52): Illuminate\Foundation\Http\Kernel->handle()
#12 {main} in /home/mb1p0x8h3pyz/public_html/vendor/laravel/framework/src/Illuminate/Collections/Collection.php on line 13
[08-Jan-2023 16:03:03 UTC] PHP Fatal error:  During inheritance of ArrayAccess: Uncaught ErrorException: Return type of Illuminate\Support\Collection::offsetExists($key) should either be compatible with ArrayAccess::offsetExists(mixed $offset): bool, or the #[\ReturnTypeWillChange] attribute should be used to temporarily suppress the notice in /home/mb1p0x8h3pyz/public_html/vendor/laravel/framework/src/Illuminate/Collections/Collection.php:1459
Stack trace:
#0 /home/mb1p0x8h3pyz/public_html/vendor/laravel/framework/src/Illuminate/Collections/Collection.php(13): Illuminate\Foundation\Bootstrap\HandleExceptions->handleError()
#1 /home/mb1p0x8h3pyz/public_html/vendor/composer/ClassLoader.php(444): include('/home/mb1p0x8h3...')
#2 /home/mb1p0x8h3pyz/public_html/vendor/composer/ClassLoader.php(322): Composer\Autoload\includeFile()
#3 /home/mb1p0x8h3pyz/public_html/vendor/laravel/framework/src/Illuminate/Collections/helpers.php(15): Composer\Autoload\ClassLoader->loadClass()
#4 /home/mb1p0x8h3pyz/public_html/vendor/laravel/framework/src/Illuminate/Foundation/PackageManifest.php(89): collect()
#5 /home/mb1p0x8h3pyz/public_html/vendor/laravel/framework/src/Illuminate/Foundation/PackageManifest.php(78): Illuminate\Foundation\PackageManifest->config()
#6 /home/mb1p0x8h3pyz/public_html/vendor/laravel/framework/src/Illuminate/Foundation/Bootstrap/RegisterFacades.php(26): Illuminate\Foundation\PackageManifest->aliases()
#7 /home/mb1p0x8h3pyz/public_html/vendor/laravel/framework/src/Illuminate/Foundation/Application.php(237): Illuminate\Foundation\Bootstrap\RegisterFacades->bootstrap()
#8 /home/mb1p0x8h3pyz/public_html/vendor/laravel/framework/src/Illuminate/Foundation/Http/Kernel.php(152): Illuminate\Foundation\Application->bootstrapWith()
#9 /home/mb1p0x8h3pyz/public_html/vendor/laravel/framework/src/Illuminate/Foundation/Http/Kernel.php(136): Illuminate\Foundation\Http\Kernel->bootstrap()
#10 /home/mb1p0x8h3pyz/public_html/vendor/laravel/framework/src/Illuminate/Foundation/Http/Kernel.php(110): Illuminate\Foundation\Http\Kernel->sendRequestThroughRouter()
#11 /home/mb1p0x8h3pyz/public_html/public/index.php(52): Illuminate\Foundation\Http\Kernel->handle()
#12 {main} in /home/mb1p0x8h3pyz/public_html/vendor/laravel/framework/src/Illuminate/Collections/Collection.php on line 13
[08-Jan-2023 16:03:04 UTC] PHP Fatal error:  During inheritance of ArrayAccess: Uncaught ErrorException: Return type of Illuminate\Support\Collection::offsetExists($key) should either be compatible with ArrayAccess::offsetExists(mixed $offset): bool, or the #[\ReturnTypeWillChange] attribute should be used to temporarily suppress the notice in /home/mb1p0x8h3pyz/public_html/vendor/laravel/framework/src/Illuminate/Collections/Collection.php:1459
Stack trace:
#0 /home/mb1p0x8h3pyz/public_html/vendor/laravel/framework/src/Illuminate/Collections/Collection.php(13): Illuminate\Foundation\Bootstrap\HandleExceptions->handleError()
#1 /home/mb1p0x8h3pyz/public_html/vendor/composer/ClassLoader.php(444): include('/home/mb1p0x8h3...')
#2 /home/mb1p0x8h3pyz/public_html/vendor/composer/ClassLoader.php(322): Composer\Autoload\includeFile()
#3 /home/mb1p0x8h3pyz/public_html/vendor/laravel/framework/src/Illuminate/Collections/helpers.php(15): Composer\Autoload\ClassLoader->loadClass()
#4 /home/mb1p0x8h3pyz/public_html/vendor/laravel/framework/src/Illuminate/Foundation/PackageManifest.php(89): collect()
#5 /home/mb1p0x8h3pyz/public_html/vendor/laravel/framework/src/Illuminate/Foundation/PackageManifest.php(78): Illuminate\Foundation\PackageManifest->config()
#6 /home/mb1p0x8h3pyz/public_html/vendor/laravel/framework/src/Illuminate/Foundation/Bootstrap/RegisterFacades.php(26): Illuminate\Foundation\PackageManifest->aliases()
#7 /home/mb1p0x8h3pyz/public_html/vendor/laravel/framework/src/Illuminate/Foundation/Application.php(237): Illuminate\Foundation\Bootstrap\RegisterFacades->bootstrap()
#8 /home/mb1p0x8h3pyz/public_html/vendor/laravel/framework/src/Illuminate/Foundation/Http/Kernel.php(152): Illuminate\Foundation\Application->bootstrapWith()
#9 /home/mb1p0x8h3pyz/public_html/vendor/laravel/framework/src/Illuminate/Foundation/Http/Kernel.php(136): Illuminate\Foundation\Http\Kernel->bootstrap()
#10 /home/mb1p0x8h3pyz/public_html/vendor/laravel/framework/src/Illuminate/Foundation/Http/Kernel.php(110): Illuminate\Foundation\Http\Kernel->sendRequestThroughRouter()
#11 /home/mb1p0x8h3pyz/public_html/public/index.php(52): Illuminate\Foundation\Http\Kernel->handle()
#12 {main} in /home/mb1p0x8h3pyz/public_html/vendor/laravel/framework/src/Illuminate/Collections/Collection.php on line 13
[08-Jan-2023 16:03:05 UTC] PHP Fatal error:  During inheritance of ArrayAccess: Uncaught ErrorException: Return type of Illuminate\Support\Collection::offsetExists($key) should either be compatible with ArrayAccess::offsetExists(mixed $offset): bool, or the #[\ReturnTypeWillChange] attribute should be used to temporarily suppress the notice in /home/mb1p0x8h3pyz/public_html/vendor/laravel/framework/src/Illuminate/Collections/Collection.php:1459
Stack trace:
#0 /home/mb1p0x8h3pyz/public_html/vendor/laravel/framework/src/Illuminate/Collections/Collection.php(13): Illuminate\Foundation\Bootstrap\HandleExceptions->handleError()
#1 /home/mb1p0x8h3pyz/public_html/vendor/composer/ClassLoader.php(444): include('/home/mb1p0x8h3...')
#2 /home/mb1p0x8h3pyz/public_html/vendor/composer/ClassLoader.php(322): Composer\Autoload\includeFile()
#3 /home/mb1p0x8h3pyz/public_html/vendor/laravel/framework/src/Illuminate/Collections/helpers.php(15): Composer\Autoload\ClassLoader->loadClass()
#4 /home/mb1p0x8h3pyz/public_html/vendor/laravel/framework/src/Illuminate/Foundation/PackageManifest.php(89): collect()
#5 /home/mb1p0x8h3pyz/public_html/vendor/laravel/framework/src/Illuminate/Foundation/PackageManifest.php(78): Illuminate\Foundation\PackageManifest->config()
#6 /home/mb1p0x8h3pyz/public_html/vendor/laravel/framework/src/Illuminate/Foundation/Bootstrap/RegisterFacades.php(26): Illuminate\Foundation\PackageManifest->aliases()
#7 /home/mb1p0x8h3pyz/public_html/vendor/laravel/framework/src/Illuminate/Foundation/Application.php(237): Illuminate\Foundation\Bootstrap\RegisterFacades->bootstrap()
#8 /home/mb1p0x8h3pyz/public_html/vendor/laravel/framework/src/Illuminate/Foundation/Http/Kernel.php(152): Illuminate\Foundation\Application->bootstrapWith()
#9 /home/mb1p0x8h3pyz/public_html/vendor/laravel/framework/src/Illuminate/Foundation/Http/Kernel.php(136): Illuminate\Foundation\Http\Kernel->bootstrap()
#10 /home/mb1p0x8h3pyz/public_html/vendor/laravel/framework/src/Illuminate/Foundation/Http/Kernel.php(110): Illuminate\Foundation\Http\Kernel->sendRequestThroughRouter()
#11 /home/mb1p0x8h3pyz/public_html/public/index.php(52): Illuminate\Foundation\Http\Kernel->handle()
#12 {main} in /home/mb1p0x8h3pyz/public_html/vendor/laravel/framework/src/Illuminate/Collections/Collection.php on line 13
[08-Jan-2023 16:27:22 UTC] PHP Fatal error:  Uncaught ErrorException: Undefined variable: app_logo in /home/mb1p0x8h3pyz/public_html/storage/framework/views/bad896afdd0723b29e78b6e15c7e4dbe3759796a.php:6
Stack trace:
#0 /home/mb1p0x8h3pyz/public_html/storage/framework/views/bad896afdd0723b29e78b6e15c7e4dbe3759796a.php(6): Illuminate\Foundation\Bootstrap\HandleExceptions->handleError(8, 'Undefined varia...', '/home/mb1p0x8h3...', 6, Array)
#1 /home/mb1p0x8h3pyz/public_html/vendor/laravel/framework/src/Illuminate/Filesystem/Filesystem.php(107): require('/home/mb1p0x8h3...')
#2 /home/mb1p0x8h3pyz/public_html/vendor/laravel/framework/src/Illuminate/Filesystem/Filesystem.php(108): Illuminate\Filesystem\Filesystem::Illuminate\Filesystem\{closure}()
#3 /home/mb1p0x8h3pyz/public_html/vendor/laravel/framework/src/Illuminate/View/Engines/PhpEngine.php(58): Illuminate\Filesystem\Filesystem->getRequire('/home/mb1p0x8h3...', Array)
#4 /home/mb1p0x8h3pyz/public_html/vendor/laravel/framework/src/Illuminate/View/Engines/CompilerEngine.php(61): Illuminate\View\Engines\P in /home/mb1p0x8h3pyz/public_html/resources/views/balde_components/footer.blade.php on line 6
[08-Jan-2023 18:21:08 UTC] PHP Fatal error:  Uncaught ErrorException: Undefined variable: app_logo in /home/mb1p0x8h3pyz/public_html/storage/framework/views/bad896afdd0723b29e78b6e15c7e4dbe3759796a.php:6
Stack trace:
#0 /home/mb1p0x8h3pyz/public_html/storage/framework/views/bad896afdd0723b29e78b6e15c7e4dbe3759796a.php(6): Illuminate\Foundation\Bootstrap\HandleExceptions->handleError(8, 'Undefined varia...', '/home/mb1p0x8h3...', 6, Array)
#1 /home/mb1p0x8h3pyz/public_html/vendor/laravel/framework/src/Illuminate/Filesystem/Filesystem.php(107): require('/home/mb1p0x8h3...')
#2 /home/mb1p0x8h3pyz/public_html/vendor/laravel/framework/src/Illuminate/Filesystem/Filesystem.php(108): Illuminate\Filesystem\Filesystem::Illuminate\Filesystem\{closure}()
#3 /home/mb1p0x8h3pyz/public_html/vendor/laravel/framework/src/Illuminate/View/Engines/PhpEngine.php(58): Illuminate\Filesystem\Filesystem->getRequire('/home/mb1p0x8h3...', Array)
#4 /home/mb1p0x8h3pyz/public_html/vendor/laravel/framework/src/Illuminate/View/Engines/CompilerEngine.php(61): Illuminate\View\Engines\P in /home/mb1p0x8h3pyz/public_html/resources/views/balde_components/footer.blade.php on line 6
[08-Jan-2023 18:21:10 UTC] PHP Fatal error:  Uncaught ErrorException: Undefined variable: app_logo in /home/mb1p0x8h3pyz/public_html/storage/framework/views/bad896afdd0723b29e78b6e15c7e4dbe3759796a.php:6
Stack trace:
#0 /home/mb1p0x8h3pyz/public_html/storage/framework/views/bad896afdd0723b29e78b6e15c7e4dbe3759796a.php(6): Illuminate\Foundation\Bootstrap\HandleExceptions->handleError(8, 'Undefined varia...', '/home/mb1p0x8h3...', 6, Array)
#1 /home/mb1p0x8h3pyz/public_html/vendor/laravel/framework/src/Illuminate/Filesystem/Filesystem.php(107): require('/home/mb1p0x8h3...')
#2 /home/mb1p0x8h3pyz/public_html/vendor/laravel/framework/src/Illuminate/Filesystem/Filesystem.php(108): Illuminate\Filesystem\Filesystem::Illuminate\Filesystem\{closure}()
#3 /home/mb1p0x8h3pyz/public_html/vendor/laravel/framework/src/Illuminate/View/Engines/PhpEngine.php(58): Illuminate\Filesystem\Filesystem->getRequire('/home/mb1p0x8h3...', Array)
#4 /home/mb1p0x8h3pyz/public_html/vendor/laravel/framework/src/Illuminate/View/Engines/CompilerEngine.php(61): Illuminate\View\Engines\P in /home/mb1p0x8h3pyz/public_html/resources/views/balde_components/footer.blade.php on line 6
[08-Jan-2023 20:09:46 UTC] PHP Fatal error:  Uncaught ErrorException: Undefined variable: app_logo in /home/mb1p0x8h3pyz/public_html/storage/framework/views/bad896afdd0723b29e78b6e15c7e4dbe3759796a.php:6
Stack trace:
#0 /home/mb1p0x8h3pyz/public_html/storage/framework/views/bad896afdd0723b29e78b6e15c7e4dbe3759796a.php(6): Illuminate\Foundation\Bootstrap\HandleExceptions->handleError(8, 'Undefined varia...', '/home/mb1p0x8h3...', 6, Array)
#1 /home/mb1p0x8h3pyz/public_html/vendor/laravel/framework/src/Illuminate/Filesystem/Filesystem.php(107): require('/home/mb1p0x8h3...')
#2 /home/mb1p0x8h3pyz/public_html/vendor/laravel/framework/src/Illuminate/Filesystem/Filesystem.php(108): Illuminate\Filesystem\Filesystem::Illuminate\Filesystem\{closure}()
#3 /home/mb1p0x8h3pyz/public_html/vendor/laravel/framework/src/Illuminate/View/Engines/PhpEngine.php(58): Illuminate\Filesystem\Filesystem->getRequire('/home/mb1p0x8h3...', Array)
#4 /home/mb1p0x8h3pyz/public_html/vendor/laravel/framework/src/Illuminate/View/Engines/CompilerEngine.php(61): Illuminate\View\Engines\P in /home/mb1p0x8h3pyz/public_html/resources/views/balde_components/footer.blade.php on line 6
[08-Jan-2023 20:57:47 UTC] PHP Fatal error:  Uncaught ErrorException: Undefined variable: app_logo in /home/mb1p0x8h3pyz/public_html/storage/framework/views/bad896afdd0723b29e78b6e15c7e4dbe3759796a.php:6
Stack trace:
#0 /home/mb1p0x8h3pyz/public_html/storage/framework/views/bad896afdd0723b29e78b6e15c7e4dbe3759796a.php(6): Illuminate\Foundation\Bootstrap\HandleExceptions->handleError(8, 'Undefined varia...', '/home/mb1p0x8h3...', 6, Array)
#1 /home/mb1p0x8h3pyz/public_html/vendor/laravel/framework/src/Illuminate/Filesystem/Filesystem.php(107): require('/home/mb1p0x8h3...')
#2 /home/mb1p0x8h3pyz/public_html/vendor/laravel/framework/src/Illuminate/Filesystem/Filesystem.php(108): Illuminate\Filesystem\Filesystem::Illuminate\Filesystem\{closure}()
#3 /home/mb1p0x8h3pyz/public_html/vendor/laravel/framework/src/Illuminate/View/Engines/PhpEngine.php(58): Illuminate\Filesystem\Filesystem->getRequire('/home/mb1p0x8h3...', Array)
#4 /home/mb1p0x8h3pyz/public_html/vendor/laravel/framework/src/Illuminate/View/Engines/CompilerEngine.php(61): Illuminate\View\Engines\P in /home/mb1p0x8h3pyz/public_html/resources/views/balde_components/footer.blade.php on line 6
[08-Jan-2023 22:57:35 UTC] PHP Fatal error:  Uncaught ErrorException: Undefined variable: app_logo in /home/mb1p0x8h3pyz/public_html/storage/framework/views/bad896afdd0723b29e78b6e15c7e4dbe3759796a.php:6
Stack trace:
#0 /home/mb1p0x8h3pyz/public_html/storage/framework/views/bad896afdd0723b29e78b6e15c7e4dbe3759796a.php(6): Illuminate\Foundation\Bootstrap\HandleExceptions->handleError(8, 'Undefined varia...', '/home/mb1p0x8h3...', 6, Array)
#1 /home/mb1p0x8h3pyz/public_html/vendor/laravel/framework/src/Illuminate/Filesystem/Filesystem.php(107): require('/home/mb1p0x8h3...')
#2 /home/mb1p0x8h3pyz/public_html/vendor/laravel/framework/src/Illuminate/Filesystem/Filesystem.php(108): Illuminate\Filesystem\Filesystem::Illuminate\Filesystem\{closure}()
#3 /home/mb1p0x8h3pyz/public_html/vendor/laravel/framework/src/Illuminate/View/Engines/PhpEngine.php(58): Illuminate\Filesystem\Filesystem->getRequire('/home/mb1p0x8h3...', Array)
#4 /home/mb1p0x8h3pyz/public_html/vendor/laravel/framework/src/Illuminate/View/Engines/CompilerEngine.php(61): Illuminate\View\Engines\P in /home/mb1p0x8h3pyz/public_html/resources/views/balde_components/footer.blade.php on line 6
[08-Jan-2023 23:17:19 UTC] PHP Fatal error:  Uncaught ErrorException: Undefined variable: app_logo in /home/mb1p0x8h3pyz/public_html/storage/framework/views/bad896afdd0723b29e78b6e15c7e4dbe3759796a.php:6
Stack trace:
#0 /home/mb1p0x8h3pyz/public_html/storage/framework/views/bad896afdd0723b29e78b6e15c7e4dbe3759796a.php(6): Illuminate\Foundation\Bootstrap\HandleExceptions->handleError(8, 'Undefined varia...', '/home/mb1p0x8h3...', 6, Array)
#1 /home/mb1p0x8h3pyz/public_html/vendor/laravel/framework/src/Illuminate/Filesystem/Filesystem.php(107): require('/home/mb1p0x8h3...')
#2 /home/mb1p0x8h3pyz/public_html/vendor/laravel/framework/src/Illuminate/Filesystem/Filesystem.php(108): Illuminate\Filesystem\Filesystem::Illuminate\Filesystem\{closure}()
#3 /home/mb1p0x8h3pyz/public_html/vendor/laravel/framework/src/Illuminate/View/Engines/PhpEngine.php(58): Illuminate\Filesystem\Filesystem->getRequire('/home/mb1p0x8h3...', Array)
#4 /home/mb1p0x8h3pyz/public_html/vendor/laravel/framework/src/Illuminate/View/Engines/CompilerEngine.php(61): Illuminate\View\Engines\P in /home/mb1p0x8h3pyz/public_html/resources/views/balde_components/footer.blade.php on line 6
[08-Jan-2023 23:41:12 UTC] PHP Fatal error:  Uncaught ErrorException: Undefined variable: app_logo in /home/mb1p0x8h3pyz/public_html/storage/framework/views/bad896afdd0723b29e78b6e15c7e4dbe3759796a.php:6
Stack trace:
#0 /home/mb1p0x8h3pyz/public_html/storage/framework/views/bad896afdd0723b29e78b6e15c7e4dbe3759796a.php(6): Illuminate\Foundation\Bootstrap\HandleExceptions->handleError(8, 'Undefined varia...', '/home/mb1p0x8h3...', 6, Array)
#1 /home/mb1p0x8h3pyz/public_html/vendor/laravel/framework/src/Illuminate/Filesystem/Filesystem.php(107): require('/home/mb1p0x8h3...')
#2 /home/mb1p0x8h3pyz/public_html/vendor/laravel/framework/src/Illuminate/Filesystem/Filesystem.php(108): Illuminate\Filesystem\Filesystem::Illuminate\Filesystem\{closure}()
#3 /home/mb1p0x8h3pyz/public_html/vendor/laravel/framework/src/Illuminate/View/Engines/PhpEngine.php(58): Illuminate\Filesystem\Filesystem->getRequire('/home/mb1p0x8h3...', Array)
#4 /home/mb1p0x8h3pyz/public_html/vendor/laravel/framework/src/Illuminate/View/Engines/CompilerEngine.php(61): Illuminate\View\Engines\P in /home/mb1p0x8h3pyz/public_html/resources/views/balde_components/footer.blade.php on line 6
[09-Jan-2023 03:36:02 UTC] PHP Fatal error:  Uncaught ErrorException: Undefined variable: app_logo in /home/mb1p0x8h3pyz/public_html/storage/framework/views/bad896afdd0723b29e78b6e15c7e4dbe3759796a.php:6
Stack trace:
#0 /home/mb1p0x8h3pyz/public_html/storage/framework/views/bad896afdd0723b29e78b6e15c7e4dbe3759796a.php(6): Illuminate\Foundation\Bootstrap\HandleExceptions->handleError(8, 'Undefined varia...', '/home/mb1p0x8h3...', 6, Array)
#1 /home/mb1p0x8h3pyz/public_html/vendor/laravel/framework/src/Illuminate/Filesystem/Filesystem.php(107): require('/home/mb1p0x8h3...')
#2 /home/mb1p0x8h3pyz/public_html/vendor/laravel/framework/src/Illuminate/Filesystem/Filesystem.php(108): Illuminate\Filesystem\Filesystem::Illuminate\Filesystem\{closure}()
#3 /home/mb1p0x8h3pyz/public_html/vendor/laravel/framework/src/Illuminate/View/Engines/PhpEngine.php(58): Illuminate\Filesystem\Filesystem->getRequire('/home/mb1p0x8h3...', Array)
#4 /home/mb1p0x8h3pyz/public_html/vendor/laravel/framework/src/Illuminate/View/Engines/CompilerEngine.php(61): Illuminate\View\Engines\P in /home/mb1p0x8h3pyz/public_html/resources/views/balde_components/footer.blade.php on line 6
[09-Jan-2023 06:32:10 UTC] PHP Fatal error:  Uncaught ErrorException: Undefined variable: app_logo in /home/mb1p0x8h3pyz/public_html/storage/framework/views/bad896afdd0723b29e78b6e15c7e4dbe3759796a.php:6
Stack trace:
#0 /home/mb1p0x8h3pyz/public_html/storage/framework/views/bad896afdd0723b29e78b6e15c7e4dbe3759796a.php(6): Illuminate\Foundation\Bootstrap\HandleExceptions->handleError(8, 'Undefined varia...', '/home/mb1p0x8h3...', 6, Array)
#1 /home/mb1p0x8h3pyz/public_html/vendor/laravel/framework/src/Illuminate/Filesystem/Filesystem.php(107): require('/home/mb1p0x8h3...')
#2 /home/mb1p0x8h3pyz/public_html/vendor/laravel/framework/src/Illuminate/Filesystem/Filesystem.php(108): Illuminate\Filesystem\Filesystem::Illuminate\Filesystem\{closure}()
#3 /home/mb1p0x8h3pyz/public_html/vendor/laravel/framework/src/Illuminate/View/Engines/PhpEngine.php(58): Illuminate\Filesystem\Filesystem->getRequire('/home/mb1p0x8h3...', Array)
#4 /home/mb1p0x8h3pyz/public_html/vendor/laravel/framework/src/Illuminate/View/Engines/CompilerEngine.php(61): Illuminate\View\Engines\P in /home/mb1p0x8h3pyz/public_html/resources/views/balde_components/footer.blade.php on line 6
[09-Jan-2023 07:18:47 UTC] PHP Fatal error:  Uncaught ErrorException: Undefined variable: app_logo in /home/mb1p0x8h3pyz/public_html/storage/framework/views/bad896afdd0723b29e78b6e15c7e4dbe3759796a.php:6
Stack trace:
#0 /home/mb1p0x8h3pyz/public_html/storage/framework/views/bad896afdd0723b29e78b6e15c7e4dbe3759796a.php(6): Illuminate\Foundation\Bootstrap\HandleExceptions->handleError(8, 'Undefined varia...', '/home/mb1p0x8h3...', 6, Array)
#1 /home/mb1p0x8h3pyz/public_html/vendor/laravel/framework/src/Illuminate/Filesystem/Filesystem.php(107): require('/home/mb1p0x8h3...')
#2 /home/mb1p0x8h3pyz/public_html/vendor/laravel/framework/src/Illuminate/Filesystem/Filesystem.php(108): Illuminate\Filesystem\Filesystem::Illuminate\Filesystem\{closure}()
#3 /home/mb1p0x8h3pyz/public_html/vendor/laravel/framework/src/Illuminate/View/Engines/PhpEngine.php(58): Illuminate\Filesystem\Filesystem->getRequire('/home/mb1p0x8h3...', Array)
#4 /home/mb1p0x8h3pyz/public_html/vendor/laravel/framework/src/Illuminate/View/Engines/CompilerEngine.php(61): Illuminate\View\Engines\P in /home/mb1p0x8h3pyz/public_html/resources/views/balde_components/footer.blade.php on line 6
[09-Jan-2023 07:18:48 UTC] PHP Fatal error:  Uncaught ErrorException: Undefined variable: app_logo in /home/mb1p0x8h3pyz/public_html/storage/framework/views/bad896afdd0723b29e78b6e15c7e4dbe3759796a.php:6
Stack trace:
#0 /home/mb1p0x8h3pyz/public_html/storage/framework/views/bad896afdd0723b29e78b6e15c7e4dbe3759796a.php(6): Illuminate\Foundation\Bootstrap\HandleExceptions->handleError(8, 'Undefined varia...', '/home/mb1p0x8h3...', 6, Array)
#1 /home/mb1p0x8h3pyz/public_html/vendor/laravel/framework/src/Illuminate/Filesystem/Filesystem.php(107): require('/home/mb1p0x8h3...')
#2 /home/mb1p0x8h3pyz/public_html/vendor/laravel/framework/src/Illuminate/Filesystem/Filesystem.php(108): Illuminate\Filesystem\Filesystem::Illuminate\Filesystem\{closure}()
#3 /home/mb1p0x8h3pyz/public_html/vendor/laravel/framework/src/Illuminate/View/Engines/PhpEngine.php(58): Illuminate\Filesystem\Filesystem->getRequire('/home/mb1p0x8h3...', Array)
#4 /home/mb1p0x8h3pyz/public_html/vendor/laravel/framework/src/Illuminate/View/Engines/CompilerEngine.php(61): Illuminate\View\Engines\P in /home/mb1p0x8h3pyz/public_html/resources/views/balde_components/footer.blade.php on line 6
[09-Jan-2023 07:18:50 UTC] PHP Fatal error:  Uncaught ErrorException: Undefined variable: app_logo in /home/mb1p0x8h3pyz/public_html/storage/framework/views/bad896afdd0723b29e78b6e15c7e4dbe3759796a.php:6
Stack trace:
#0 /home/mb1p0x8h3pyz/public_html/storage/framework/views/bad896afdd0723b29e78b6e15c7e4dbe3759796a.php(6): Illuminate\Foundation\Bootstrap\HandleExceptions->handleError(8, 'Undefined varia...', '/home/mb1p0x8h3...', 6, Array)
#1 /home/mb1p0x8h3pyz/public_html/vendor/laravel/framework/src/Illuminate/Filesystem/Filesystem.php(107): require('/home/mb1p0x8h3...')
#2 /home/mb1p0x8h3pyz/public_html/vendor/laravel/framework/src/Illuminate/Filesystem/Filesystem.php(108): Illuminate\Filesystem\Filesystem::Illuminate\Filesystem\{closure}()
#3 /home/mb1p0x8h3pyz/public_html/vendor/laravel/framework/src/Illuminate/View/Engines/PhpEngine.php(58): Illuminate\Filesystem\Filesystem->getRequire('/home/mb1p0x8h3...', Array)
#4 /home/mb1p0x8h3pyz/public_html/vendor/laravel/framework/src/Illuminate/View/Engines/CompilerEngine.php(61): Illuminate\View\Engines\P in /home/mb1p0x8h3pyz/public_html/resources/views/balde_components/footer.blade.php on line 6
[09-Jan-2023 07:18:51 UTC] PHP Fatal error:  Uncaught ErrorException: Undefined variable: app_logo in /home/mb1p0x8h3pyz/public_html/storage/framework/views/bad896afdd0723b29e78b6e15c7e4dbe3759796a.php:6
Stack trace:
#0 /home/mb1p0x8h3pyz/public_html/storage/framework/views/bad896afdd0723b29e78b6e15c7e4dbe3759796a.php(6): Illuminate\Foundation\Bootstrap\HandleExceptions->handleError(8, 'Undefined varia...', '/home/mb1p0x8h3...', 6, Array)
#1 /home/mb1p0x8h3pyz/public_html/vendor/laravel/framework/src/Illuminate/Filesystem/Filesystem.php(107): require('/home/mb1p0x8h3...')
#2 /home/mb1p0x8h3pyz/public_html/vendor/laravel/framework/src/Illuminate/Filesystem/Filesystem.php(108): Illuminate\Filesystem\Filesystem::Illuminate\Filesystem\{closure}()
#3 /home/mb1p0x8h3pyz/public_html/vendor/laravel/framework/src/Illuminate/View/Engines/PhpEngine.php(58): Illuminate\Filesystem\Filesystem->getRequire('/home/mb1p0x8h3...', Array)
#4 /home/mb1p0x8h3pyz/public_html/vendor/laravel/framework/src/Illuminate/View/Engines/CompilerEngine.php(61): Illuminate\View\Engines\P in /home/mb1p0x8h3pyz/public_html/resources/views/balde_components/footer.blade.php on line 6
[09-Jan-2023 07:37:07 UTC] PHP Fatal error:  Uncaught ErrorException: Undefined variable: app_logo in /home/mb1p0x8h3pyz/public_html/storage/framework/views/bad896afdd0723b29e78b6e15c7e4dbe3759796a.php:6
Stack trace:
#0 /home/mb1p0x8h3pyz/public_html/storage/framework/views/bad896afdd0723b29e78b6e15c7e4dbe3759796a.php(6): Illuminate\Foundation\Bootstrap\HandleExceptions->handleError(8, 'Undefined varia...', '/home/mb1p0x8h3...', 6, Array)
#1 /home/mb1p0x8h3pyz/public_html/vendor/laravel/framework/src/Illuminate/Filesystem/Filesystem.php(107): require('/home/mb1p0x8h3...')
#2 /home/mb1p0x8h3pyz/public_html/vendor/laravel/framework/src/Illuminate/Filesystem/Filesystem.php(108): Illuminate\Filesystem\Filesystem::Illuminate\Filesystem\{closure}()
#3 /home/mb1p0x8h3pyz/public_html/vendor/laravel/framework/src/Illuminate/View/Engines/PhpEngine.php(58): Illuminate\Filesystem\Filesystem->getRequire('/home/mb1p0x8h3...', Array)
#4 /home/mb1p0x8h3pyz/public_html/vendor/laravel/framework/src/Illuminate/View/Engines/CompilerEngine.php(61): Illuminate\View\Engines\P in /home/mb1p0x8h3pyz/public_html/resources/views/balde_components/footer.blade.php on line 6
[09-Jan-2023 07:37:16 UTC] PHP Fatal error:  Uncaught ErrorException: Undefined variable: app_logo in /home/mb1p0x8h3pyz/public_html/storage/framework/views/bad896afdd0723b29e78b6e15c7e4dbe3759796a.php:6
Stack trace:
#0 /home/mb1p0x8h3pyz/public_html/storage/framework/views/bad896afdd0723b29e78b6e15c7e4dbe3759796a.php(6): Illuminate\Foundation\Bootstrap\HandleExceptions->handleError(8, 'Undefined varia...', '/home/mb1p0x8h3...', 6, Array)
#1 /home/mb1p0x8h3pyz/public_html/vendor/laravel/framework/src/Illuminate/Filesystem/Filesystem.php(107): require('/home/mb1p0x8h3...')
#2 /home/mb1p0x8h3pyz/public_html/vendor/laravel/framework/src/Illuminate/Filesystem/Filesystem.php(108): Illuminate\Filesystem\Filesystem::Illuminate\Filesystem\{closure}()
#3 /home/mb1p0x8h3pyz/public_html/vendor/laravel/framework/src/Illuminate/View/Engines/PhpEngine.php(58): Illuminate\Filesystem\Filesystem->getRequire('/home/mb1p0x8h3...', Array)
#4 /home/mb1p0x8h3pyz/public_html/vendor/laravel/framework/src/Illuminate/View/Engines/CompilerEngine.php(61): Illuminate\View\Engines\P in /home/mb1p0x8h3pyz/public_html/resources/views/balde_components/footer.blade.php on line 6
[09-Jan-2023 08:36:15 UTC] PHP Fatal error:  Uncaught ErrorException: Undefined variable: app_logo in /home/mb1p0x8h3pyz/public_html/storage/framework/views/bad896afdd0723b29e78b6e15c7e4dbe3759796a.php:6
Stack trace:
#0 /home/mb1p0x8h3pyz/public_html/storage/framework/views/bad896afdd0723b29e78b6e15c7e4dbe3759796a.php(6): Illuminate\Foundation\Bootstrap\HandleExceptions->handleError(8, 'Undefined varia...', '/home/mb1p0x8h3...', 6, Array)
#1 /home/mb1p0x8h3pyz/public_html/vendor/laravel/framework/src/Illuminate/Filesystem/Filesystem.php(107): require('/home/mb1p0x8h3...')
#2 /home/mb1p0x8h3pyz/public_html/vendor/laravel/framework/src/Illuminate/Filesystem/Filesystem.php(108): Illuminate\Filesystem\Filesystem::Illuminate\Filesystem\{closure}()
#3 /home/mb1p0x8h3pyz/public_html/vendor/laravel/framework/src/Illuminate/View/Engines/PhpEngine.php(58): Illuminate\Filesystem\Filesystem->getRequire('/home/mb1p0x8h3...', Array)
#4 /home/mb1p0x8h3pyz/public_html/vendor/laravel/framework/src/Illuminate/View/Engines/CompilerEngine.php(61): Illuminate\View\Engines\P in /home/mb1p0x8h3pyz/public_html/resources/views/balde_components/footer.blade.php on line 6
[09-Jan-2023 08:36:16 UTC] PHP Fatal error:  Uncaught ErrorException: Undefined variable: app_logo in /home/mb1p0x8h3pyz/public_html/storage/framework/views/bad896afdd0723b29e78b6e15c7e4dbe3759796a.php:6
Stack trace:
#0 /home/mb1p0x8h3pyz/public_html/storage/framework/views/bad896afdd0723b29e78b6e15c7e4dbe3759796a.php(6): Illuminate\Foundation\Bootstrap\HandleExceptions->handleError(8, 'Undefined varia...', '/home/mb1p0x8h3...', 6, Array)
#1 /home/mb1p0x8h3pyz/public_html/vendor/laravel/framework/src/Illuminate/Filesystem/Filesystem.php(107): require('/home/mb1p0x8h3...')
#2 /home/mb1p0x8h3pyz/public_html/vendor/laravel/framework/src/Illuminate/Filesystem/Filesystem.php(108): Illuminate\Filesystem\Filesystem::Illuminate\Filesystem\{closure}()
#3 /home/mb1p0x8h3pyz/public_html/vendor/laravel/framework/src/Illuminate/View/Engines/PhpEngine.php(58): Illuminate\Filesystem\Filesystem->getRequire('/home/mb1p0x8h3...', Array)
#4 /home/mb1p0x8h3pyz/public_html/vendor/laravel/framework/src/Illuminate/View/Engines/CompilerEngine.php(61): Illuminate\View\Engines\P in /home/mb1p0x8h3pyz/public_html/resources/views/balde_components/footer.blade.php on line 6
[09-Jan-2023 08:36:16 UTC] PHP Fatal error:  Uncaught ErrorException: Undefined variable: app_logo in /home/mb1p0x8h3pyz/public_html/storage/framework/views/bad896afdd0723b29e78b6e15c7e4dbe3759796a.php:6
Stack trace:
#0 /home/mb1p0x8h3pyz/public_html/storage/framework/views/bad896afdd0723b29e78b6e15c7e4dbe3759796a.php(6): Illuminate\Foundation\Bootstrap\HandleExceptions->handleError(8, 'Undefined varia...', '/home/mb1p0x8h3...', 6, Array)
#1 /home/mb1p0x8h3pyz/public_html/vendor/laravel/framework/src/Illuminate/Filesystem/Filesystem.php(107): require('/home/mb1p0x8h3...')
#2 /home/mb1p0x8h3pyz/public_html/vendor/laravel/framework/src/Illuminate/Filesystem/Filesystem.php(108): Illuminate\Filesystem\Filesystem::Illuminate\Filesystem\{closure}()
#3 /home/mb1p0x8h3pyz/public_html/vendor/laravel/framework/src/Illuminate/View/Engines/PhpEngine.php(58): Illuminate\Filesystem\Filesystem->getRequire('/home/mb1p0x8h3...', Array)
#4 /home/mb1p0x8h3pyz/public_html/vendor/laravel/framework/src/Illuminate/View/Engines/CompilerEngine.php(61): Illuminate\View\Engines\P in /home/mb1p0x8h3pyz/public_html/resources/views/balde_components/footer.blade.php on line 6
[09-Jan-2023 09:49:04 UTC] PHP Fatal error:  Uncaught ErrorException: Undefined variable: app_logo in /home/mb1p0x8h3pyz/public_html/storage/framework/views/bad896afdd0723b29e78b6e15c7e4dbe3759796a.php:6
Stack trace:
#0 /home/mb1p0x8h3pyz/public_html/storage/framework/views/bad896afdd0723b29e78b6e15c7e4dbe3759796a.php(6): Illuminate\Foundation\Bootstrap\HandleExceptions->handleError(8, 'Undefined varia...', '/home/mb1p0x8h3...', 6, Array)
#1 /home/mb1p0x8h3pyz/public_html/vendor/laravel/framework/src/Illuminate/Filesystem/Filesystem.php(107): require('/home/mb1p0x8h3...')
#2 /home/mb1p0x8h3pyz/public_html/vendor/laravel/framework/src/Illuminate/Filesystem/Filesystem.php(108): Illuminate\Filesystem\Filesystem::Illuminate\Filesystem\{closure}()
#3 /home/mb1p0x8h3pyz/public_html/vendor/laravel/framework/src/Illuminate/View/Engines/PhpEngine.php(58): Illuminate\Filesystem\Filesystem->getRequire('/home/mb1p0x8h3...', Array)
#4 /home/mb1p0x8h3pyz/public_html/vendor/laravel/framework/src/Illuminate/View/Engines/CompilerEngine.php(61): Illuminate\View\Engines\P in /home/mb1p0x8h3pyz/public_html/resources/views/balde_components/footer.blade.php on line 6
[09-Jan-2023 09:50:18 UTC] PHP Fatal error:  Uncaught ErrorException: Undefined variable: app_logo in /home/mb1p0x8h3pyz/public_html/storage/framework/views/bad896afdd0723b29e78b6e15c7e4dbe3759796a.php:6
Stack trace:
#0 /home/mb1p0x8h3pyz/public_html/storage/framework/views/bad896afdd0723b29e78b6e15c7e4dbe3759796a.php(6): Illuminate\Foundation\Bootstrap\HandleExceptions->handleError(8, 'Undefined varia...', '/home/mb1p0x8h3...', 6, Array)
#1 /home/mb1p0x8h3pyz/public_html/vendor/laravel/framework/src/Illuminate/Filesystem/Filesystem.php(107): require('/home/mb1p0x8h3...')
#2 /home/mb1p0x8h3pyz/public_html/vendor/laravel/framework/src/Illuminate/Filesystem/Filesystem.php(108): Illuminate\Filesystem\Filesystem::Illuminate\Filesystem\{closure}()
#3 /home/mb1p0x8h3pyz/public_html/vendor/laravel/framework/src/Illuminate/View/Engines/PhpEngine.php(58): Illuminate\Filesystem\Filesystem->getRequire('/home/mb1p0x8h3...', Array)
#4 /home/mb1p0x8h3pyz/public_html/vendor/laravel/framework/src/Illuminate/View/Engines/CompilerEngine.php(61): Illuminate\View\Engines\P in /home/mb1p0x8h3pyz/public_html/resources/views/balde_components/footer.blade.php on line 6
[09-Jan-2023 10:20:38 UTC] PHP Fatal error:  Uncaught ErrorException: Undefined variable: app_logo in /home/mb1p0x8h3pyz/public_html/storage/framework/views/bad896afdd0723b29e78b6e15c7e4dbe3759796a.php:6
Stack trace:
#0 /home/mb1p0x8h3pyz/public_html/storage/framework/views/bad896afdd0723b29e78b6e15c7e4dbe3759796a.php(6): Illuminate\Foundation\Bootstrap\HandleExceptions->handleError(8, 'Undefined varia...', '/home/mb1p0x8h3...', 6, Array)
#1 /home/mb1p0x8h3pyz/public_html/vendor/laravel/framework/src/Illuminate/Filesystem/Filesystem.php(107): require('/home/mb1p0x8h3...')
#2 /home/mb1p0x8h3pyz/public_html/vendor/laravel/framework/src/Illuminate/Filesystem/Filesystem.php(108): Illuminate\Filesystem\Filesystem::Illuminate\Filesystem\{closure}()
#3 /home/mb1p0x8h3pyz/public_html/vendor/laravel/framework/src/Illuminate/View/Engines/PhpEngine.php(58): Illuminate\Filesystem\Filesystem->getRequire('/home/mb1p0x8h3...', Array)
#4 /home/mb1p0x8h3pyz/public_html/vendor/laravel/framework/src/Illuminate/View/Engines/CompilerEngine.php(61): Illuminate\View\Engines\P in /home/mb1p0x8h3pyz/public_html/resources/views/balde_components/footer.blade.php on line 6
[09-Jan-2023 10:20:38 UTC] PHP Fatal error:  Uncaught ErrorException: Undefined variable: app_logo in /home/mb1p0x8h3pyz/public_html/storage/framework/views/bad896afdd0723b29e78b6e15c7e4dbe3759796a.php:6
Stack trace:
#0 /home/mb1p0x8h3pyz/public_html/storage/framework/views/bad896afdd0723b29e78b6e15c7e4dbe3759796a.php(6): Illuminate\Foundation\Bootstrap\HandleExceptions->handleError(8, 'Undefined varia...', '/home/mb1p0x8h3...', 6, Array)
#1 /home/mb1p0x8h3pyz/public_html/vendor/laravel/framework/src/Illuminate/Filesystem/Filesystem.php(107): require('/home/mb1p0x8h3...')
#2 /home/mb1p0x8h3pyz/public_html/vendor/laravel/framework/src/Illuminate/Filesystem/Filesystem.php(108): Illuminate\Filesystem\Filesystem::Illuminate\Filesystem\{closure}()
#3 /home/mb1p0x8h3pyz/public_html/vendor/laravel/framework/src/Illuminate/View/Engines/PhpEngine.php(58): Illuminate\Filesystem\Filesystem->getRequire('/home/mb1p0x8h3...', Array)
#4 /home/mb1p0x8h3pyz/public_html/vendor/laravel/framework/src/Illuminate/View/Engines/CompilerEngine.php(61): Illuminate\View\Engines\P in /home/mb1p0x8h3pyz/public_html/resources/views/balde_components/footer.blade.php on line 6
[09-Jan-2023 10:20:40 UTC] PHP Fatal error:  Uncaught ErrorException: Undefined variable: app_logo in /home/mb1p0x8h3pyz/public_html/storage/framework/views/bad896afdd0723b29e78b6e15c7e4dbe3759796a.php:6
Stack trace:
#0 /home/mb1p0x8h3pyz/public_html/storage/framework/views/bad896afdd0723b29e78b6e15c7e4dbe3759796a.php(6): Illuminate\Foundation\Bootstrap\HandleExceptions->handleError(8, 'Undefined varia...', '/home/mb1p0x8h3...', 6, Array)
#1 /home/mb1p0x8h3pyz/public_html/vendor/laravel/framework/src/Illuminate/Filesystem/Filesystem.php(107): require('/home/mb1p0x8h3...')
#2 /home/mb1p0x8h3pyz/public_html/vendor/laravel/framework/src/Illuminate/Filesystem/Filesystem.php(108): Illuminate\Filesystem\Filesystem::Illuminate\Filesystem\{closure}()
#3 /home/mb1p0x8h3pyz/public_html/vendor/laravel/framework/src/Illuminate/View/Engines/PhpEngine.php(58): Illuminate\Filesystem\Filesystem->getRequire('/home/mb1p0x8h3...', Array)
#4 /home/mb1p0x8h3pyz/public_html/vendor/laravel/framework/src/Illuminate/View/Engines/CompilerEngine.php(61): Illuminate\View\Engines\P in /home/mb1p0x8h3pyz/public_html/resources/views/balde_components/footer.blade.php on line 6
[09-Jan-2023 10:20:40 UTC] PHP Fatal error:  Uncaught ErrorException: Undefined variable: app_logo in /home/mb1p0x8h3pyz/public_html/storage/framework/views/bad896afdd0723b29e78b6e15c7e4dbe3759796a.php:6
Stack trace:
#0 /home/mb1p0x8h3pyz/public_html/storage/framework/views/bad896afdd0723b29e78b6e15c7e4dbe3759796a.php(6): Illuminate\Foundation\Bootstrap\HandleExceptions->handleError(8, 'Undefined varia...', '/home/mb1p0x8h3...', 6, Array)
#1 /home/mb1p0x8h3pyz/public_html/vendor/laravel/framework/src/Illuminate/Filesystem/Filesystem.php(107): require('/home/mb1p0x8h3...')
#2 /home/mb1p0x8h3pyz/public_html/vendor/laravel/framework/src/Illuminate/Filesystem/Filesystem.php(108): Illuminate\Filesystem\Filesystem::Illuminate\Filesystem\{closure}()
#3 /home/mb1p0x8h3pyz/public_html/vendor/laravel/framework/src/Illuminate/View/Engines/PhpEngine.php(58): Illuminate\Filesystem\Filesystem->getRequire('/home/mb1p0x8h3...', Array)
#4 /home/mb1p0x8h3pyz/public_html/vendor/laravel/framework/src/Illuminate/View/Engines/CompilerEngine.php(61): Illuminate\View\Engines\P in /home/mb1p0x8h3pyz/public_html/resources/views/balde_components/footer.blade.php on line 6
[09-Jan-2023 10:20:40 UTC] PHP Fatal error:  Uncaught ErrorException: Undefined variable: app_logo in /home/mb1p0x8h3pyz/public_html/storage/framework/views/bad896afdd0723b29e78b6e15c7e4dbe3759796a.php:6
Stack trace:
#0 /home/mb1p0x8h3pyz/public_html/storage/framework/views/bad896afdd0723b29e78b6e15c7e4dbe3759796a.php(6): Illuminate\Foundation\Bootstrap\HandleExceptions->handleError(8, 'Undefined varia...', '/home/mb1p0x8h3...', 6, Array)
#1 /home/mb1p0x8h3pyz/public_html/vendor/laravel/framework/src/Illuminate/Filesystem/Filesystem.php(107): require('/home/mb1p0x8h3...')
#2 /home/mb1p0x8h3pyz/public_html/vendor/laravel/framework/src/Illuminate/Filesystem/Filesystem.php(108): Illuminate\Filesystem\Filesystem::Illuminate\Filesystem\{closure}()
#3 /home/mb1p0x8h3pyz/public_html/vendor/laravel/framework/src/Illuminate/View/Engines/PhpEngine.php(58): Illuminate\Filesystem\Filesystem->getRequire('/home/mb1p0x8h3...', Array)
#4 /home/mb1p0x8h3pyz/public_html/vendor/laravel/framework/src/Illuminate/View/Engines/CompilerEngine.php(61): Illuminate\View\Engines\P in /home/mb1p0x8h3pyz/public_html/resources/views/balde_components/footer.blade.php on line 6
[09-Jan-2023 10:20:41 UTC] PHP Fatal error:  Uncaught ErrorException: Undefined variable: app_logo in /home/mb1p0x8h3pyz/public_html/storage/framework/views/bad896afdd0723b29e78b6e15c7e4dbe3759796a.php:6
Stack trace:
#0 /home/mb1p0x8h3pyz/public_html/storage/framework/views/bad896afdd0723b29e78b6e15c7e4dbe3759796a.php(6): Illuminate\Foundation\Bootstrap\HandleExceptions->handleError(8, 'Undefined varia...', '/home/mb1p0x8h3...', 6, Array)
#1 /home/mb1p0x8h3pyz/public_html/vendor/laravel/framework/src/Illuminate/Filesystem/Filesystem.php(107): require('/home/mb1p0x8h3...')
#2 /home/mb1p0x8h3pyz/public_html/vendor/laravel/framework/src/Illuminate/Filesystem/Filesystem.php(108): Illuminate\Filesystem\Filesystem::Illuminate\Filesystem\{closure}()
#3 /home/mb1p0x8h3pyz/public_html/vendor/laravel/framework/src/Illuminate/View/Engines/PhpEngine.php(58): Illuminate\Filesystem\Filesystem->getRequire('/home/mb1p0x8h3...', Array)
#4 /home/mb1p0x8h3pyz/public_html/vendor/laravel/framework/src/Illuminate/View/Engines/CompilerEngine.php(61): Illuminate\View\Engines\P in /home/mb1p0x8h3pyz/public_html/resources/views/balde_components/footer.blade.php on line 6
[09-Jan-2023 10:20:48 UTC] PHP Fatal error:  Uncaught ErrorException: Undefined variable: app_logo in /home/mb1p0x8h3pyz/public_html/storage/framework/views/bad896afdd0723b29e78b6e15c7e4dbe3759796a.php:6
Stack trace:
#0 /home/mb1p0x8h3pyz/public_html/storage/framework/views/bad896afdd0723b29e78b6e15c7e4dbe3759796a.php(6): Illuminate\Foundation\Bootstrap\HandleExceptions->handleError(8, 'Undefined varia...', '/home/mb1p0x8h3...', 6, Array)
#1 /home/mb1p0x8h3pyz/public_html/vendor/laravel/framework/src/Illuminate/Filesystem/Filesystem.php(107): require('/home/mb1p0x8h3...')
#2 /home/mb1p0x8h3pyz/public_html/vendor/laravel/framework/src/Illuminate/Filesystem/Filesystem.php(108): Illuminate\Filesystem\Filesystem::Illuminate\Filesystem\{closure}()
#3 /home/mb1p0x8h3pyz/public_html/vendor/laravel/framework/src/Illuminate/View/Engines/PhpEngine.php(58): Illuminate\Filesystem\Filesystem->getRequire('/home/mb1p0x8h3...', Array)
#4 /home/mb1p0x8h3pyz/public_html/vendor/laravel/framework/src/Illuminate/View/Engines/CompilerEngine.php(61): Illuminate\View\Engines\P in /home/mb1p0x8h3pyz/public_html/resources/views/balde_components/footer.blade.php on line 6
[09-Jan-2023 10:20:48 UTC] PHP Fatal error:  Uncaught ErrorException: Undefined variable: app_logo in /home/mb1p0x8h3pyz/public_html/storage/framework/views/bad896afdd0723b29e78b6e15c7e4dbe3759796a.php:6
Stack trace:
#0 /home/mb1p0x8h3pyz/public_html/storage/framework/views/bad896afdd0723b29e78b6e15c7e4dbe3759796a.php(6): Illuminate\Foundation\Bootstrap\HandleExceptions->handleError(8, 'Undefined varia...', '/home/mb1p0x8h3...', 6, Array)
#1 /home/mb1p0x8h3pyz/public_html/vendor/laravel/framework/src/Illuminate/Filesystem/Filesystem.php(107): require('/home/mb1p0x8h3...')
#2 /home/mb1p0x8h3pyz/public_html/vendor/laravel/framework/src/Illuminate/Filesystem/Filesystem.php(108): Illuminate\Filesystem\Filesystem::Illuminate\Filesystem\{closure}()
#3 /home/mb1p0x8h3pyz/public_html/vendor/laravel/framework/src/Illuminate/View/Engines/PhpEngine.php(58): Illuminate\Filesystem\Filesystem->getRequire('/home/mb1p0x8h3...', Array)
#4 /home/mb1p0x8h3pyz/public_html/vendor/laravel/framework/src/Illuminate/View/Engines/CompilerEngine.php(61): Illuminate\View\Engines\P in /home/mb1p0x8h3pyz/public_html/resources/views/balde_components/footer.blade.php on line 6
[09-Jan-2023 10:20:49 UTC] PHP Fatal error:  Uncaught ErrorException: Undefined variable: app_logo in /home/mb1p0x8h3pyz/public_html/storage/framework/views/bad896afdd0723b29e78b6e15c7e4dbe3759796a.php:6
Stack trace:
#0 /home/mb1p0x8h3pyz/public_html/storage/framework/views/bad896afdd0723b29e78b6e15c7e4dbe3759796a.php(6): Illuminate\Foundation\Bootstrap\HandleExceptions->handleError(8, 'Undefined varia...', '/home/mb1p0x8h3...', 6, Array)
#1 /home/mb1p0x8h3pyz/public_html/vendor/laravel/framework/src/Illuminate/Filesystem/Filesystem.php(107): require('/home/mb1p0x8h3...')
#2 /home/mb1p0x8h3pyz/public_html/vendor/laravel/framework/src/Illuminate/Filesystem/Filesystem.php(108): Illuminate\Filesystem\Filesystem::Illuminate\Filesystem\{closure}()
#3 /home/mb1p0x8h3pyz/public_html/vendor/laravel/framework/src/Illuminate/View/Engines/PhpEngine.php(58): Illuminate\Filesystem\Filesystem->getRequire('/home/mb1p0x8h3...', Array)
#4 /home/mb1p0x8h3pyz/public_html/vendor/laravel/framework/src/Illuminate/View/Engines/CompilerEngine.php(61): Illuminate\View\Engines\P in /home/mb1p0x8h3pyz/public_html/resources/views/balde_components/footer.blade.php on line 6
[09-Jan-2023 10:21:25 UTC] PHP Fatal error:  Uncaught ErrorException: Undefined variable: app_logo in /home/mb1p0x8h3pyz/public_html/storage/framework/views/bad896afdd0723b29e78b6e15c7e4dbe3759796a.php:6
Stack trace:
#0 /home/mb1p0x8h3pyz/public_html/storage/framework/views/bad896afdd0723b29e78b6e15c7e4dbe3759796a.php(6): Illuminate\Foundation\Bootstrap\HandleExceptions->handleError(8, 'Undefined varia...', '/home/mb1p0x8h3...', 6, Array)
#1 /home/mb1p0x8h3pyz/public_html/vendor/laravel/framework/src/Illuminate/Filesystem/Filesystem.php(107): require('/home/mb1p0x8h3...')
#2 /home/mb1p0x8h3pyz/public_html/vendor/laravel/framework/src/Illuminate/Filesystem/Filesystem.php(108): Illuminate\Filesystem\Filesystem::Illuminate\Filesystem\{closure}()
#3 /home/mb1p0x8h3pyz/public_html/vendor/laravel/framework/src/Illuminate/View/Engines/PhpEngine.php(58): Illuminate\Filesystem\Filesystem->getRequire('/home/mb1p0x8h3...', Array)
#4 /home/mb1p0x8h3pyz/public_html/vendor/laravel/framework/src/Illuminate/View/Engines/CompilerEngine.php(61): Illuminate\View\Engines\P in /home/mb1p0x8h3pyz/public_html/resources/views/balde_components/footer.blade.php on line 6
[09-Jan-2023 10:21:25 UTC] PHP Fatal error:  Uncaught ErrorException: Undefined variable: app_logo in /home/mb1p0x8h3pyz/public_html/storage/framework/views/bad896afdd0723b29e78b6e15c7e4dbe3759796a.php:6
Stack trace:
#0 /home/mb1p0x8h3pyz/public_html/storage/framework/views/bad896afdd0723b29e78b6e15c7e4dbe3759796a.php(6): Illuminate\Foundation\Bootstrap\HandleExceptions->handleError(8, 'Undefined varia...', '/home/mb1p0x8h3...', 6, Array)
#1 /home/mb1p0x8h3pyz/public_html/vendor/laravel/framework/src/Illuminate/Filesystem/Filesystem.php(107): require('/home/mb1p0x8h3...')
#2 /home/mb1p0x8h3pyz/public_html/vendor/laravel/framework/src/Illuminate/Filesystem/Filesystem.php(108): Illuminate\Filesystem\Filesystem::Illuminate\Filesystem\{closure}()
#3 /home/mb1p0x8h3pyz/public_html/vendor/laravel/framework/src/Illuminate/View/Engines/PhpEngine.php(58): Illuminate\Filesystem\Filesystem->getRequire('/home/mb1p0x8h3...', Array)
#4 /home/mb1p0x8h3pyz/public_html/vendor/laravel/framework/src/Illuminate/View/Engines/CompilerEngine.php(61): Illuminate\View\Engines\P in /home/mb1p0x8h3pyz/public_html/resources/views/balde_components/footer.blade.php on line 6
[09-Jan-2023 10:21:27 UTC] PHP Fatal error:  Uncaught ErrorException: Undefined variable: app_logo in /home/mb1p0x8h3pyz/public_html/storage/framework/views/bad896afdd0723b29e78b6e15c7e4dbe3759796a.php:6
Stack trace:
#0 /home/mb1p0x8h3pyz/public_html/storage/framework/views/bad896afdd0723b29e78b6e15c7e4dbe3759796a.php(6): Illuminate\Foundation\Bootstrap\HandleExceptions->handleError(8, 'Undefined varia...', '/home/mb1p0x8h3...', 6, Array)
#1 /home/mb1p0x8h3pyz/public_html/vendor/laravel/framework/src/Illuminate/Filesystem/Filesystem.php(107): require('/home/mb1p0x8h3...')
#2 /home/mb1p0x8h3pyz/public_html/vendor/laravel/framework/src/Illuminate/Filesystem/Filesystem.php(108): Illuminate\Filesystem\Filesystem::Illuminate\Filesystem\{closure}()
#3 /home/mb1p0x8h3pyz/public_html/vendor/laravel/framework/src/Illuminate/View/Engines/PhpEngine.php(58): Illuminate\Filesystem\Filesystem->getRequire('/home/mb1p0x8h3...', Array)
#4 /home/mb1p0x8h3pyz/public_html/vendor/laravel/framework/src/Illuminate/View/Engines/CompilerEngine.php(61): Illuminate\View\Engines\P in /home/mb1p0x8h3pyz/public_html/resources/views/balde_components/footer.blade.php on line 6
[09-Jan-2023 10:21:27 UTC] PHP Fatal error:  Uncaught ErrorException: Undefined variable: app_logo in /home/mb1p0x8h3pyz/public_html/storage/framework/views/bad896afdd0723b29e78b6e15c7e4dbe3759796a.php:6
Stack trace:
#0 /home/mb1p0x8h3pyz/public_html/storage/framework/views/bad896afdd0723b29e78b6e15c7e4dbe3759796a.php(6): Illuminate\Foundation\Bootstrap\HandleExceptions->handleError(8, 'Undefined varia...', '/home/mb1p0x8h3...', 6, Array)
#1 /home/mb1p0x8h3pyz/public_html/vendor/laravel/framework/src/Illuminate/Filesystem/Filesystem.php(107): require('/home/mb1p0x8h3...')
#2 /home/mb1p0x8h3pyz/public_html/vendor/laravel/framework/src/Illuminate/Filesystem/Filesystem.php(108): Illuminate\Filesystem\Filesystem::Illuminate\Filesystem\{closure}()
#3 /home/mb1p0x8h3pyz/public_html/vendor/laravel/framework/src/Illuminate/View/Engines/PhpEngine.php(58): Illuminate\Filesystem\Filesystem->getRequire('/home/mb1p0x8h3...', Array)
#4 /home/mb1p0x8h3pyz/public_html/vendor/laravel/framework/src/Illuminate/View/Engines/CompilerEngine.php(61): Illuminate\View\Engines\P in /home/mb1p0x8h3pyz/public_html/resources/views/balde_components/footer.blade.php on line 6
[09-Jan-2023 10:21:28 UTC] PHP Fatal error:  Uncaught ErrorException: Undefined variable: app_logo in /home/mb1p0x8h3pyz/public_html/storage/framework/views/bad896afdd0723b29e78b6e15c7e4dbe3759796a.php:6
Stack trace:
#0 /home/mb1p0x8h3pyz/public_html/storage/framework/views/bad896afdd0723b29e78b6e15c7e4dbe3759796a.php(6): Illuminate\Foundation\Bootstrap\HandleExceptions->handleError(8, 'Undefined varia...', '/home/mb1p0x8h3...', 6, Array)
#1 /home/mb1p0x8h3pyz/public_html/vendor/laravel/framework/src/Illuminate/Filesystem/Filesystem.php(107): require('/home/mb1p0x8h3...')
#2 /home/mb1p0x8h3pyz/public_html/vendor/laravel/framework/src/Illuminate/Filesystem/Filesystem.php(108): Illuminate\Filesystem\Filesystem::Illuminate\Filesystem\{closure}()
#3 /home/mb1p0x8h3pyz/public_html/vendor/laravel/framework/src/Illuminate/View/Engines/PhpEngine.php(58): Illuminate\Filesystem\Filesystem->getRequire('/home/mb1p0x8h3...', Array)
#4 /home/mb1p0x8h3pyz/public_html/vendor/laravel/framework/src/Illuminate/View/Engines/CompilerEngine.php(61): Illuminate\View\Engines\P in /home/mb1p0x8h3pyz/public_html/resources/views/balde_components/footer.blade.php on line 6
